Command line invocation:
    /Volumes/MacAPPs/Applications/Xcode.app/Contents/Developer/usr/bin/xcodebuild build -scheme OVEREND -destination platform=macOS

2026-01-02 08:03:18.909 xcodebuild[87310:2926408]  DVTDeviceOperation: Encountered a build number "" that is incompatible with DVTBuildVersion.
2026-01-02 08:03:18.913 xcodebuild[87310:2926389] [MT] DVTDeviceOperation: Encountered a build number "" that is incompatible with DVTBuildVersion.
2026-01-02 08:03:19.030 xcodebuild[87310:2926389] [MT] IDERunDestination: Supported platforms for the buildables in the current scheme is empty.
--- xcodebuild: WARNING: Using the first of multiple matching destinations:
{ platform:macOS, arch:arm64, id:00008132-000104913C85001C, name:My Mac }
{ platform:macOS, arch:x86_64, id:00008132-000104913C85001C, name:My Mac }
ComputePackagePrebuildTargetDependencyGraph

Prepare packages

CreateBuildRequest

SendProjectDescription

CreateBuildOperation

ComputeTargetDependencyGraph
note: Building targets in dependency order
note: Target dependency graph (1 target)
    Target 'OVEREND' in project 'OVEREND' (no dependencies)

GatherProvisioningInputs

CreateBuildDescription

ExecuteExternalTool /Volumes/MacAPPs/Applications/Xcode.app/Contents/Developer/Toolchains/XcodeDefault.xctoolchain/usr/bin/clang -v -E -dM -isysroot /Volumes/MacAPPs/Applications/Xcode.app/Contents/Developer/Platforms/MacOSX.platform/Developer/SDKs/MacOSX26.2.sdk -x c -c /dev/null

ExecuteExternalTool /Volumes/MacAPPs/Applications/Xcode.app/Contents/Developer/usr/bin/actool --version --output-format xml1

ExecuteExternalTool /Volumes/MacAPPs/Applications/Xcode.app/Contents/Developer/Toolchains/XcodeDefault.xctoolchain/usr/bin/swiftc --version

ExecuteExternalTool /Volumes/MacAPPs/Applications/Xcode.app/Contents/Developer/Toolchains/XcodeDefault.xctoolchain/usr/bin/ld -version_details

Build description signature: e63f54461ef48895c4cdc7bf613ea94b
Build description path: /Users/lawliet/Library/Developer/Xcode/DerivedData/OVEREND-cndwckokhthjmcbkmovocplyeztc/Build/Intermediates.noindex/XCBuildData/e63f54461ef48895c4cdc7bf613ea94b.xcbuilddata
ClangStatCache /Volumes/MacAPPs/Applications/Xcode.app/Contents/Developer/Toolchains/XcodeDefault.xctoolchain/usr/bin/clang-stat-cache /Volumes/MacAPPs/Applications/Xcode.app/Contents/Developer/Platforms/MacOSX.platform/Developer/SDKs/MacOSX26.2.sdk /Users/lawliet/Library/Developer/Xcode/DerivedData/SDKStatCaches.noindex/macosx26.2-25C57-830dddbfbccebdd7c0a1e2a9282ec48d.sdkstatcache
    cd /Users/lawliet/OVEREND/OVEREND.xcodeproj
    /Volumes/MacAPPs/Applications/Xcode.app/Contents/Developer/Toolchains/XcodeDefault.xctoolchain/usr/bin/clang-stat-cache /Volumes/MacAPPs/Applications/Xcode.app/Contents/Developer/Platforms/MacOSX.platform/Developer/SDKs/MacOSX26.2.sdk -o /Users/lawliet/Library/Developer/Xcode/DerivedData/SDKStatCaches.noindex/macosx26.2-25C57-830dddbfbccebdd7c0a1e2a9282ec48d.sdkstatcache

SwiftDriver OVEREND normal arm64 com.apple.xcode.tools.swift.compiler (in target 'OVEREND' from project 'OVEREND')
    cd /Users/lawliet/OVEREND
    builtin-SwiftDriver -- /Volumes/MacAPPs/Applications/Xcode.app/Contents/Developer/Toolchains/XcodeDefault.xctoolchain/usr/bin/swiftc -module-name OVEREND -Onone -enforce-exclusivity\=checked @/Users/lawliet/Library/Developer/Xcode/DerivedData/OVEREND-cndwckokhthjmcbkmovocplyeztc/Build/Intermediates.noindex/OVEREND.build/Debug/OVEREND.build/Objects-normal/arm64/OVEREND.SwiftFileList -DDEBUG -default-isolation\=MainActor -enable-bare-slash-regex -enable-upcoming-feature DisableOutwardActorInference -enable-upcoming-feature InferSendableFromCaptures -enable-upcoming-feature GlobalActorIsolatedTypesUsability -enable-upcoming-feature MemberImportVisibility -enable-upcoming-feature InferIsolatedConformances -enable-upcoming-feature NonisolatedNonsendingByDefault -enable-experimental-feature DebugDescriptionMacro -sdk /Volumes/MacAPPs/Applications/Xcode.app/Contents/Developer/Platforms/MacOSX.platform/Developer/SDKs/MacOSX26.2.sdk -target arm64-apple-macos26.1 -g -module-cache-path /Users/lawliet/Library/Developer/Xcode/DerivedData/ModuleCache.noindex -Xfrontend -serialize-debugging-options -profile-coverage-mapping -profile-generate -enable-testing -index-store-path /Users/lawliet/Library/Developer/Xcode/DerivedData/OVEREND-cndwckokhthjmcbkmovocplyeztc/Index.noindex/DataStore -Xcc -D_LIBCPP_HARDENING_MODE\=_LIBCPP_HARDENING_MODE_DEBUG -swift-version 5 -I /Users/lawliet/Library/Developer/Xcode/DerivedData/OVEREND-cndwckokhthjmcbkmovocplyeztc/Build/Products/Debug -F /Users/lawliet/Library/Developer/Xcode/DerivedData/OVEREND-cndwckokhthjmcbkmovocplyeztc/Build/Products/Debug -emit-localized-strings -emit-localized-strings-path /Users/lawliet/Library/Developer/Xcode/DerivedData/OVEREND-cndwckokhthjmcbkmovocplyeztc/Build/Intermediates.noindex/OVEREND.build/Debug/OVEREND.build/Objects-normal/arm64 -c -j10 -enable-batch-mode -incremental -Xcc -ivfsstatcache -Xcc /Users/lawliet/Library/Developer/Xcode/DerivedData/SDKStatCaches.noindex/macosx26.2-25C57-830dddbfbccebdd7c0a1e2a9282ec48d.sdkstatcache -output-file-map /Users/lawliet/Library/Developer/Xcode/DerivedData/OVEREND-cndwckokhthjmcbkmovocplyeztc/Build/Intermediates.noindex/OVEREND.build/Debug/OVEREND.build/Objects-normal/arm64/OVEREND-OutputFileMap.json -use-frontend-parseable-output -save-temps -no-color-diagnostics -explicit-module-build -module-cache-path /Users/lawliet/Library/Developer/Xcode/DerivedData/OVEREND-cndwckokhthjmcbkmovocplyeztc/Build/Intermediates.noindex/SwiftExplicitPrecompiledModules -clang-scanner-module-cache-path /Users/lawliet/Library/Developer/Xcode/DerivedData/ModuleCache.noindex -sdk-module-cache-path /Users/lawliet/Library/Developer/Xcode/DerivedData/ModuleCache.noindex -serialize-diagnostics -emit-dependencies -emit-module -emit-module-path /Users/lawliet/Library/Developer/Xcode/DerivedData/OVEREND-cndwckokhthjmcbkmovocplyeztc/Build/Intermediates.noindex/OVEREND.build/Debug/OVEREND.build/Objects-normal/arm64/OVEREND.swiftmodule -validate-clang-modules-once -clang-build-session-file /Users/lawliet/Library/Developer/Xcode/DerivedData/ModuleCache.noindex/Session.modulevalidation -Xcc -I/Users/lawliet/Library/Developer/Xcode/DerivedData/OVEREND-cndwckokhthjmcbkmovocplyeztc/Build/Intermediates.noindex/OVEREND.build/Debug/OVEREND.build/swift-overrides.hmap -emit-const-values -Xfrontend -const-gather-protocols-file -Xfrontend /Users/lawliet/Library/Developer/Xcode/DerivedData/OVEREND-cndwckokhthjmcbkmovocplyeztc/Build/Intermediates.noindex/OVEREND.build/Debug/OVEREND.build/Objects-normal/arm64/OVEREND_const_extract_protocols.json -Xcc -iquote -Xcc /Users/lawliet/Library/Developer/Xcode/DerivedData/OVEREND-cndwckokhthjmcbkmovocplyeztc/Build/Intermediates.noindex/OVEREND.build/Debug/OVEREND.build/OVEREND-generated-files.hmap -Xcc -I/Users/lawliet/Library/Developer/Xcode/DerivedData/OVEREND-cndwckokhthjmcbkmovocplyeztc/Build/Intermediates.noindex/OVEREND.build/Debug/OVEREND.build/OVEREND-own-target-headers.hmap -Xcc -I/Users/lawliet/Library/Developer/Xcode/DerivedData/OVEREND-cndwckokhthjmcbkmovocplyeztc/Build/Intermediates.noindex/OVEREND.build/Debug/OVEREND.build/OVEREND-all-target-headers.hmap -Xcc -iquote -Xcc /Users/lawliet/Library/Developer/Xcode/DerivedData/OVEREND-cndwckokhthjmcbkmovocplyeztc/Build/Intermediates.noindex/OVEREND.build/Debug/OVEREND.build/OVEREND-project-headers.hmap -Xcc -I/Users/lawliet/Library/Developer/Xcode/DerivedData/OVEREND-cndwckokhthjmcbkmovocplyeztc/Build/Products/Debug/include -Xcc -I/Users/lawliet/Library/Developer/Xcode/DerivedData/OVEREND-cndwckokhthjmcbkmovocplyeztc/Build/Intermediates.noindex/OVEREND.build/Debug/OVEREND.build/DerivedSources-normal/arm64 -Xcc -I/Users/lawliet/Library/Developer/Xcode/DerivedData/OVEREND-cndwckokhthjmcbkmovocplyeztc/Build/Intermediates.noindex/OVEREND.build/Debug/OVEREND.build/DerivedSources/arm64 -Xcc -I/Users/lawliet/Library/Developer/Xcode/DerivedData/OVEREND-cndwckokhthjmcbkmovocplyeztc/Build/Intermediates.noindex/OVEREND.build/Debug/OVEREND.build/DerivedSources -Xcc -DDEBUG\=1 -emit-objc-header -emit-objc-header-path /Users/lawliet/Library/Developer/Xcode/DerivedData/OVEREND-cndwckokhthjmcbkmovocplyeztc/Build/Intermediates.noindex/OVEREND.build/Debug/OVEREND.build/Objects-normal/arm64/OVEREND-Swift.h -working-directory /Users/lawliet/OVEREND -experimental-emit-module-separately -disable-cmo

SwiftCompile normal arm64 Compiling\ PDFMetadataExtractor.swift,\ AppIconGenerator.swift /Users/lawliet/OVEREND/OVEREND/Services/PDFMetadataExtractor.swift /Users/lawliet/OVEREND/OVEREND/Utils/AppIconGenerator.swift (in target 'OVEREND' from project 'OVEREND')

SwiftCompile normal arm64 /Users/lawliet/OVEREND/OVEREND/Services/PDFMetadataExtractor.swift (in target 'OVEREND' from project 'OVEREND')
    cd /Users/lawliet/OVEREND
    

SwiftCompile normal arm64 /Users/lawliet/OVEREND/OVEREND/Utils/AppIconGenerator.swift (in target 'OVEREND' from project 'OVEREND')
    cd /Users/lawliet/OVEREND
    
/Users/lawliet/OVEREND/OVEREND/Views/Components/Feedback/LoadingIndicator.swift:264:9: warning: '@State' used inline will not work unless tagged with '@Previewable' (from macro 'Preview')
        @State var progress1: Double = 0.3
        ^
/Users/lawliet/OVEREND/OVEREND/Views/Components/Feedback/LoadingIndicator.swift:264:9: note: Move the declaration to root scope and add '@Previewable'
        @State var progress1: Double = 0.3
        ^
/Users/lawliet/OVEREND/OVEREND/Views/Components/Feedback/LoadingIndicator.swift:265:9: warning: '@State' used inline will not work unless tagged with '@Previewable' (from macro 'Preview')
        @State var progress2: Double = 0.7
        ^
/Users/lawliet/OVEREND/OVEREND/Views/Components/Feedback/LoadingIndicator.swift:265:9: note: Move the declaration to root scope and add '@Previewable'
        @State var progress2: Double = 0.7
        ^
/Users/lawliet/OVEREND/OVEREND/Views/Components/Feedback/LoadingIndicator.swift:367:5: warning: '@State' used inline will not work unless tagged with '@Previewable' (from macro 'Preview')
    @State var progress: Double = 0.6
    ^
/Users/lawliet/OVEREND/OVEREND/Views/Components/Feedback/LoadingIndicator.swift:367:5: note: Add '@Previewable'
    @State var progress: Double = 0.6
    ^~~~~~
    @Previewable @State
/Users/lawliet/OVEREND/OVEREND/Views/Components/Inputs/StandardTextField.swift:203:9: warning: '@State' used inline will not work unless tagged with '@Previewable' (from macro 'Preview')
        @State var username = ""
        ^
/Users/lawliet/OVEREND/OVEREND/Views/Components/Inputs/StandardTextField.swift:203:9: note: Move the declaration to root scope and add '@Previewable'
        @State var username = ""
        ^
/Users/lawliet/OVEREND/OVEREND/Views/Components/Inputs/StandardTextField.swift:204:9: warning: '@State' used inline will not work unless tagged with '@Previewable' (from macro 'Preview')
        @State var email = ""
        ^
/Users/lawliet/OVEREND/OVEREND/Views/Components/Inputs/StandardTextField.swift:204:9: note: Move the declaration to root scope and add '@Previewable'
        @State var email = ""
        ^
/Users/lawliet/OVEREND/OVEREND/Views/Components/Inputs/StandardTextField.swift:205:9: warning: '@State' used inline will not work unless tagged with '@Previewable' (from macro 'Preview')
        @State var password = ""
        ^
/Users/lawliet/OVEREND/OVEREND/Views/Components/Inputs/StandardTextField.swift:205:9: note: Move the declaration to root scope and add '@Previewable'
        @State var password = ""
        ^
/Users/lawliet/OVEREND/OVEREND/Views/Components/Inputs/StandardTextField.swift:206:9: warning: '@State' used inline will not work unless tagged with '@Previewable' (from macro 'Preview')
        @State var errorText = ""
        ^
/Users/lawliet/OVEREND/OVEREND/Views/Components/Inputs/StandardTextField.swift:206:9: note: Move the declaration to root scope and add '@Previewable'
        @State var errorText = ""
        ^
/Users/lawliet/OVEREND/OVEREND/Views/Components/Inputs/StandardTextField.swift:240:9: warning: '@State' used inline will not work unless tagged with '@Previewable' (from macro 'Preview')
        @State var searchText1 = ""
        ^
/Users/lawliet/OVEREND/OVEREND/Views/Components/Inputs/StandardTextField.swift:240:9: note: Move the declaration to root scope and add '@Previewable'
        @State var searchText1 = ""
        ^
/Users/lawliet/OVEREND/OVEREND/Views/Components/Inputs/StandardTextField.swift:241:9: warning: '@State' used inline will not work unless tagged with '@Previewable' (from macro 'Preview')
        @State var searchText2 = "已輸入文字"
/Users/lawliet/OVEREND/OVEREND/Views/Components/Inputs/StandardTextField.swift:241:9: note: Move the declaration to root scope and add '@Previewable'
        @State var searchText2 = "已輸入文字"
/Users/lawliet/OVEREND/OVEREND/Views/Components/Inputs/StandardTextField.swift:259:5: warning: '@State' used inline will not work unless tagged with '@Previewable' (from macro 'Preview')
    @State var username = ""
    ^
/Users/lawliet/OVEREND/OVEREND/Views/Components/Inputs/StandardTextField.swift:259:5: note: Add '@Previewable'
    @State var username = ""
    ^~~~~~
    @Previewable @State
/Users/lawliet/OVEREND/OVEREND/Views/Components/Inputs/StandardTextField.swift:260:5: warning: '@State' used inline will not work unless tagged with '@Previewable' (from macro 'Preview')
    @State var search = ""
    ^
/Users/lawliet/OVEREND/OVEREND/Views/Components/Inputs/StandardTextField.swift:260:5: note: Add '@Previewable'
    @State var search = ""
    ^~~~~~
    @Previewable @State
/Users/lawliet/OVEREND/OVEREND/Views/Components/Inputs/StandardTextField.swift:261:5: warning: '@State' used inline will not work unless tagged with '@Previewable' (from macro 'Preview')
    @State var errorText = "test"
    ^
/Users/lawliet/OVEREND/OVEREND/Views/Components/Inputs/StandardTextField.swift:261:5: note: Add '@Previewable'
    @State var errorText = "test"
    ^~~~~~
    @Previewable @State
/Users/lawliet/OVEREND/OVEREND/Views/Writer/CitationMentionPopover.swift:241:5: warning: '@State' used inline will not work unless tagged with '@Previewable' (from macro 'Preview')
    @State var selectedIndex = 0
    ^
/Users/lawliet/OVEREND/OVEREND/Views/Writer/CitationMentionPopover.swift:241:5: note: Add '@Previewable'
    @State var selectedIndex = 0
    ^~~~~~
    @Previewable @State

SwiftCompile normal arm64 Compiling\ IconButton.swift /Users/lawliet/OVEREND/OVEREND/Views/Components/Buttons/IconButton.swift (in target 'OVEREND' from project 'OVEREND')

SwiftCompile normal arm64 /Users/lawliet/OVEREND/OVEREND/Views/Components/Buttons/IconButton.swift (in target 'OVEREND' from project 'OVEREND')
    cd /Users/lawliet/OVEREND
    
/Users/lawliet/OVEREND/OVEREND/Views/Components/Feedback/LoadingIndicator.swift:264:9: warning: '@State' used inline will not work unless tagged with '@Previewable' (from macro 'Preview')
        @State var progress1: Double = 0.3
        ^
/Users/lawliet/OVEREND/OVEREND/Views/Components/Feedback/LoadingIndicator.swift:264:9: note: Move the declaration to root scope and add '@Previewable'
        @State var progress1: Double = 0.3
        ^
/Users/lawliet/OVEREND/OVEREND/Views/Components/Feedback/LoadingIndicator.swift:265:9: warning: '@State' used inline will not work unless tagged with '@Previewable' (from macro 'Preview')
        @State var progress2: Double = 0.7
        ^
/Users/lawliet/OVEREND/OVEREND/Views/Components/Feedback/LoadingIndicator.swift:265:9: note: Move the declaration to root scope and add '@Previewable'
        @State var progress2: Double = 0.7
        ^
/Users/lawliet/OVEREND/OVEREND/Views/Components/Feedback/LoadingIndicator.swift:367:5: warning: '@State' used inline will not work unless tagged with '@Previewable' (from macro 'Preview')
    @State var progress: Double = 0.6
    ^
/Users/lawliet/OVEREND/OVEREND/Views/Components/Feedback/LoadingIndicator.swift:367:5: note: Add '@Previewable'
    @State var progress: Double = 0.6
    ^~~~~~
    @Previewable @State
/Users/lawliet/OVEREND/OVEREND/Views/Components/Inputs/StandardTextField.swift:203:9: warning: '@State' used inline will not work unless tagged with '@Previewable' (from macro 'Preview')
        @State var username = ""
        ^
/Users/lawliet/OVEREND/OVEREND/Views/Components/Inputs/StandardTextField.swift:203:9: note: Move the declaration to root scope and add '@Previewable'
        @State var username = ""
        ^
/Users/lawliet/OVEREND/OVEREND/Views/Components/Inputs/StandardTextField.swift:204:9: warning: '@State' used inline will not work unless tagged with '@Previewable' (from macro 'Preview')
        @State var email = ""
        ^
/Users/lawliet/OVEREND/OVEREND/Views/Components/Inputs/StandardTextField.swift:204:9: note: Move the declaration to root scope and add '@Previewable'
        @State var email = ""
        ^
/Users/lawliet/OVEREND/OVEREND/Views/Components/Inputs/StandardTextField.swift:205:9: warning: '@State' used inline will not work unless tagged with '@Previewable' (from macro 'Preview')
        @State var password = ""
        ^
/Users/lawliet/OVEREND/OVEREND/Views/Components/Inputs/StandardTextField.swift:205:9: note: Move the declaration to root scope and add '@Previewable'
        @State var password = ""
        ^
/Users/lawliet/OVEREND/OVEREND/Views/Components/Inputs/StandardTextField.swift:206:9: warning: '@State' used inline will not work unless tagged with '@Previewable' (from macro 'Preview')
        @State var errorText = ""
        ^
/Users/lawliet/OVEREND/OVEREND/Views/Components/Inputs/StandardTextField.swift:206:9: note: Move the declaration to root scope and add '@Previewable'
        @State var errorText = ""
        ^
/Users/lawliet/OVEREND/OVEREND/Views/Components/Inputs/StandardTextField.swift:240:9: warning: '@State' used inline will not work unless tagged with '@Previewable' (from macro 'Preview')
        @State var searchText1 = ""
        ^
/Users/lawliet/OVEREND/OVEREND/Views/Components/Inputs/StandardTextField.swift:240:9: note: Move the declaration to root scope and add '@Previewable'
        @State var searchText1 = ""
        ^
/Users/lawliet/OVEREND/OVEREND/Views/Components/Inputs/StandardTextField.swift:241:9: warning: '@State' used inline will not work unless tagged with '@Previewable' (from macro 'Preview')
        @State var searchText2 = "已輸入文字"
/Users/lawliet/OVEREND/OVEREND/Views/Components/Inputs/StandardTextField.swift:241:9: note: Move the declaration to root scope and add '@Previewable'
        @State var searchText2 = "已輸入文字"
/Users/lawliet/OVEREND/OVEREND/Views/Components/Inputs/StandardTextField.swift:259:5: warning: '@State' used inline will not work unless tagged with '@Previewable' (from macro 'Preview')
    @State var username = ""
    ^
/Users/lawliet/OVEREND/OVEREND/Views/Components/Inputs/StandardTextField.swift:259:5: note: Add '@Previewable'
    @State var username = ""
    ^~~~~~
    @Previewable @State
/Users/lawliet/OVEREND/OVEREND/Views/Components/Inputs/StandardTextField.swift:260:5: warning: '@State' used inline will not work unless tagged with '@Previewable' (from macro 'Preview')
    @State var search = ""
    ^
/Users/lawliet/OVEREND/OVEREND/Views/Components/Inputs/StandardTextField.swift:260:5: note: Add '@Previewable'
    @State var search = ""
    ^~~~~~
    @Previewable @State
/Users/lawliet/OVEREND/OVEREND/Views/Components/Inputs/StandardTextField.swift:261:5: warning: '@State' used inline will not work unless tagged with '@Previewable' (from macro 'Preview')
    @State var errorText = "test"
    ^
/Users/lawliet/OVEREND/OVEREND/Views/Components/Inputs/StandardTextField.swift:261:5: note: Add '@Previewable'
    @State var errorText = "test"
    ^~~~~~
    @Previewable @State
/Users/lawliet/OVEREND/OVEREND/Views/Writer/CitationMentionPopover.swift:241:5: warning: '@State' used inline will not work unless tagged with '@Previewable' (from macro 'Preview')
    @State var selectedIndex = 0
    ^
/Users/lawliet/OVEREND/OVEREND/Views/Writer/CitationMentionPopover.swift:241:5: note: Add '@Previewable'
    @State var selectedIndex = 0
    ^~~~~~
    @Previewable @State

SwiftCompile normal arm64 Compiling\ DynamicToolbar.swift /Users/lawliet/OVEREND/OVEREND/Views/Common/DynamicToolbar.swift (in target 'OVEREND' from project 'OVEREND')

SwiftCompile normal arm64 /Users/lawliet/OVEREND/OVEREND/Views/Common/DynamicToolbar.swift (in target 'OVEREND' from project 'OVEREND')
    cd /Users/lawliet/OVEREND
    
/Users/lawliet/OVEREND/OVEREND/Views/Components/Feedback/LoadingIndicator.swift:264:9: warning: '@State' used inline will not work unless tagged with '@Previewable' (from macro 'Preview')
        @State var progress1: Double = 0.3
        ^
/Users/lawliet/OVEREND/OVEREND/Views/Components/Feedback/LoadingIndicator.swift:264:9: note: Move the declaration to root scope and add '@Previewable'
        @State var progress1: Double = 0.3
        ^
/Users/lawliet/OVEREND/OVEREND/Views/Components/Feedback/LoadingIndicator.swift:265:9: warning: '@State' used inline will not work unless tagged with '@Previewable' (from macro 'Preview')
        @State var progress2: Double = 0.7
        ^
/Users/lawliet/OVEREND/OVEREND/Views/Components/Feedback/LoadingIndicator.swift:265:9: note: Move the declaration to root scope and add '@Previewable'
        @State var progress2: Double = 0.7
        ^
/Users/lawliet/OVEREND/OVEREND/Views/Components/Feedback/LoadingIndicator.swift:367:5: warning: '@State' used inline will not work unless tagged with '@Previewable' (from macro 'Preview')
    @State var progress: Double = 0.6
    ^
/Users/lawliet/OVEREND/OVEREND/Views/Components/Feedback/LoadingIndicator.swift:367:5: note: Add '@Previewable'
    @State var progress: Double = 0.6
    ^~~~~~
    @Previewable @State
/Users/lawliet/OVEREND/OVEREND/Views/Components/Inputs/StandardTextField.swift:203:9: warning: '@State' used inline will not work unless tagged with '@Previewable' (from macro 'Preview')
        @State var username = ""
        ^
/Users/lawliet/OVEREND/OVEREND/Views/Components/Inputs/StandardTextField.swift:203:9: note: Move the declaration to root scope and add '@Previewable'
        @State var username = ""
        ^
/Users/lawliet/OVEREND/OVEREND/Views/Components/Inputs/StandardTextField.swift:204:9: warning: '@State' used inline will not work unless tagged with '@Previewable' (from macro 'Preview')
        @State var email = ""
        ^
/Users/lawliet/OVEREND/OVEREND/Views/Components/Inputs/StandardTextField.swift:204:9: note: Move the declaration to root scope and add '@Previewable'
        @State var email = ""
        ^
/Users/lawliet/OVEREND/OVEREND/Views/Components/Inputs/StandardTextField.swift:205:9: warning: '@State' used inline will not work unless tagged with '@Previewable' (from macro 'Preview')
        @State var password = ""
        ^
/Users/lawliet/OVEREND/OVEREND/Views/Components/Inputs/StandardTextField.swift:205:9: note: Move the declaration to root scope and add '@Previewable'
        @State var password = ""
        ^
/Users/lawliet/OVEREND/OVEREND/Views/Components/Inputs/StandardTextField.swift:206:9: warning: '@State' used inline will not work unless tagged with '@Previewable' (from macro 'Preview')
        @State var errorText = ""
        ^
/Users/lawliet/OVEREND/OVEREND/Views/Components/Inputs/StandardTextField.swift:206:9: note: Move the declaration to root scope and add '@Previewable'
        @State var errorText = ""
        ^
/Users/lawliet/OVEREND/OVEREND/Views/Components/Inputs/StandardTextField.swift:240:9: warning: '@State' used inline will not work unless tagged with '@Previewable' (from macro 'Preview')
        @State var searchText1 = ""
        ^
/Users/lawliet/OVEREND/OVEREND/Views/Components/Inputs/StandardTextField.swift:240:9: note: Move the declaration to root scope and add '@Previewable'
        @State var searchText1 = ""
        ^
/Users/lawliet/OVEREND/OVEREND/Views/Components/Inputs/StandardTextField.swift:241:9: warning: '@State' used inline will not work unless tagged with '@Previewable' (from macro 'Preview')
        @State var searchText2 = "已輸入文字"
/Users/lawliet/OVEREND/OVEREND/Views/Components/Inputs/StandardTextField.swift:241:9: note: Move the declaration to root scope and add '@Previewable'
        @State var searchText2 = "已輸入文字"
/Users/lawliet/OVEREND/OVEREND/Views/Components/Inputs/StandardTextField.swift:259:5: warning: '@State' used inline will not work unless tagged with '@Previewable' (from macro 'Preview')
    @State var username = ""
    ^
/Users/lawliet/OVEREND/OVEREND/Views/Components/Inputs/StandardTextField.swift:259:5: note: Add '@Previewable'
    @State var username = ""
    ^~~~~~
    @Previewable @State
/Users/lawliet/OVEREND/OVEREND/Views/Components/Inputs/StandardTextField.swift:260:5: warning: '@State' used inline will not work unless tagged with '@Previewable' (from macro 'Preview')
    @State var search = ""
    ^
/Users/lawliet/OVEREND/OVEREND/Views/Components/Inputs/StandardTextField.swift:260:5: note: Add '@Previewable'
    @State var search = ""
    ^~~~~~
    @Previewable @State
/Users/lawliet/OVEREND/OVEREND/Views/Components/Inputs/StandardTextField.swift:261:5: warning: '@State' used inline will not work unless tagged with '@Previewable' (from macro 'Preview')
    @State var errorText = "test"
    ^
/Users/lawliet/OVEREND/OVEREND/Views/Components/Inputs/StandardTextField.swift:261:5: note: Add '@Previewable'
    @State var errorText = "test"
    ^~~~~~
    @Previewable @State
/Users/lawliet/OVEREND/OVEREND/Views/Writer/CitationMentionPopover.swift:241:5: warning: '@State' used inline will not work unless tagged with '@Previewable' (from macro 'Preview')
    @State var selectedIndex = 0
    ^
/Users/lawliet/OVEREND/OVEREND/Views/Writer/CitationMentionPopover.swift:241:5: note: Add '@Previewable'
    @State var selectedIndex = 0
    ^~~~~~
    @Previewable @State

SwiftEmitModule normal arm64 Emitting\ module\ for\ OVEREND (in target 'OVEREND' from project 'OVEREND')
EmitSwiftModule normal arm64 (in target 'OVEREND' from project 'OVEREND')
    cd /Users/lawliet/OVEREND
    
/Users/lawliet/OVEREND/OVEREND/Views/Components/Feedback/LoadingIndicator.swift:264:9: warning: '@State' used inline will not work unless tagged with '@Previewable' (from macro 'Preview')
        @State var progress1: Double = 0.3
        ^
/Users/lawliet/OVEREND/OVEREND/Views/Components/Feedback/LoadingIndicator.swift:264:9: note: Move the declaration to root scope and add '@Previewable'
        @State var progress1: Double = 0.3
        ^
/Users/lawliet/OVEREND/OVEREND/Views/Components/Feedback/LoadingIndicator.swift:265:9: warning: '@State' used inline will not work unless tagged with '@Previewable' (from macro 'Preview')
        @State var progress2: Double = 0.7
        ^
/Users/lawliet/OVEREND/OVEREND/Views/Components/Feedback/LoadingIndicator.swift:265:9: note: Move the declaration to root scope and add '@Previewable'
        @State var progress2: Double = 0.7
        ^
/Users/lawliet/OVEREND/OVEREND/Views/Components/Feedback/LoadingIndicator.swift:367:5: warning: '@State' used inline will not work unless tagged with '@Previewable' (from macro 'Preview')
    @State var progress: Double = 0.6
    ^
/Users/lawliet/OVEREND/OVEREND/Views/Components/Feedback/LoadingIndicator.swift:367:5: note: Add '@Previewable'
    @State var progress: Double = 0.6
    ^~~~~~
    @Previewable @State
/Users/lawliet/OVEREND/OVEREND/Views/Components/Inputs/StandardTextField.swift:203:9: warning: '@State' used inline will not work unless tagged with '@Previewable' (from macro 'Preview')
        @State var username = ""
        ^
/Users/lawliet/OVEREND/OVEREND/Views/Components/Inputs/StandardTextField.swift:203:9: note: Move the declaration to root scope and add '@Previewable'
        @State var username = ""
        ^
/Users/lawliet/OVEREND/OVEREND/Views/Components/Inputs/StandardTextField.swift:204:9: warning: '@State' used inline will not work unless tagged with '@Previewable' (from macro 'Preview')
        @State var email = ""
        ^
/Users/lawliet/OVEREND/OVEREND/Views/Components/Inputs/StandardTextField.swift:204:9: note: Move the declaration to root scope and add '@Previewable'
        @State var email = ""
        ^
/Users/lawliet/OVEREND/OVEREND/Views/Components/Inputs/StandardTextField.swift:205:9: warning: '@State' used inline will not work unless tagged with '@Previewable' (from macro 'Preview')
        @State var password = ""
        ^
/Users/lawliet/OVEREND/OVEREND/Views/Components/Inputs/StandardTextField.swift:205:9: note: Move the declaration to root scope and add '@Previewable'
        @State var password = ""
        ^
/Users/lawliet/OVEREND/OVEREND/Views/Components/Inputs/StandardTextField.swift:206:9: warning: '@State' used inline will not work unless tagged with '@Previewable' (from macro 'Preview')
        @State var errorText = ""
        ^
/Users/lawliet/OVEREND/OVEREND/Views/Components/Inputs/StandardTextField.swift:206:9: note: Move the declaration to root scope and add '@Previewable'
        @State var errorText = ""
        ^
/Users/lawliet/OVEREND/OVEREND/Views/Components/Inputs/StandardTextField.swift:240:9: warning: '@State' used inline will not work unless tagged with '@Previewable' (from macro 'Preview')
        @State var searchText1 = ""
        ^
/Users/lawliet/OVEREND/OVEREND/Views/Components/Inputs/StandardTextField.swift:240:9: note: Move the declaration to root scope and add '@Previewable'
        @State var searchText1 = ""
        ^
/Users/lawliet/OVEREND/OVEREND/Views/Components/Inputs/StandardTextField.swift:241:9: warning: '@State' used inline will not work unless tagged with '@Previewable' (from macro 'Preview')
        @State var searchText2 = "已輸入文字"
/Users/lawliet/OVEREND/OVEREND/Views/Components/Inputs/StandardTextField.swift:241:9: note: Move the declaration to root scope and add '@Previewable'
        @State var searchText2 = "已輸入文字"
/Users/lawliet/OVEREND/OVEREND/Views/Components/Inputs/StandardTextField.swift:259:5: warning: '@State' used inline will not work unless tagged with '@Previewable' (from macro 'Preview')
    @State var username = ""
    ^
/Users/lawliet/OVEREND/OVEREND/Views/Components/Inputs/StandardTextField.swift:259:5: note: Add '@Previewable'
    @State var username = ""
    ^~~~~~
    @Previewable @State
/Users/lawliet/OVEREND/OVEREND/Views/Components/Inputs/StandardTextField.swift:260:5: warning: '@State' used inline will not work unless tagged with '@Previewable' (from macro 'Preview')
    @State var search = ""
    ^
/Users/lawliet/OVEREND/OVEREND/Views/Components/Inputs/StandardTextField.swift:260:5: note: Add '@Previewable'
    @State var search = ""
    ^~~~~~
    @Previewable @State
/Users/lawliet/OVEREND/OVEREND/Views/Components/Inputs/StandardTextField.swift:261:5: warning: '@State' used inline will not work unless tagged with '@Previewable' (from macro 'Preview')
    @State var errorText = "test"
    ^
/Users/lawliet/OVEREND/OVEREND/Views/Components/Inputs/StandardTextField.swift:261:5: note: Add '@Previewable'
    @State var errorText = "test"
    ^~~~~~
    @Previewable @State
/Users/lawliet/OVEREND/OVEREND/Views/Writer/CitationMentionPopover.swift:241:5: warning: '@State' used inline will not work unless tagged with '@Previewable' (from macro 'Preview')
    @State var selectedIndex = 0
    ^
/Users/lawliet/OVEREND/OVEREND/Views/Writer/CitationMentionPopover.swift:241:5: note: Add '@Previewable'
    @State var selectedIndex = 0
    ^~~~~~
    @Previewable @State
/Users/lawliet/OVEREND/OVEREND/ViewModels/EntryViewModel.swift:29:66: warning: main actor-isolated static property 'shared' can not be referenced from a nonisolated context
    init(context: NSManagedObjectContext = PersistenceController.shared.container.viewContext) {
                                                                 ^
/Users/lawliet/OVEREND/OVEREND/Models/PersistenceController.swift:12:16: note: static property declared here
    static let shared = PersistenceController()
               ^
/Users/lawliet/OVEREND/OVEREND/ViewModels/GroupViewModel.swift:25:66: warning: main actor-isolated static property 'shared' can not be referenced from a nonisolated context
    init(context: NSManagedObjectContext = PersistenceController.shared.container.viewContext) {
                                                                 ^
/Users/lawliet/OVEREND/OVEREND/Models/PersistenceController.swift:12:16: note: static property declared here
    static let shared = PersistenceController()
               ^
/Users/lawliet/OVEREND/OVEREND/ViewModels/LibraryViewModel.swift:21:66: warning: main actor-isolated static property 'shared' can not be referenced from a nonisolated context
    init(context: NSManagedObjectContext = PersistenceController.shared.container.viewContext) {
                                                                 ^
/Users/lawliet/OVEREND/OVEREND/Models/PersistenceController.swift:12:16: note: static property declared here
    static let shared = PersistenceController()
               ^
/Users/lawliet/OVEREND/OVEREND/Utils/IconGeneratorTool.swift:12:1: error: 'main' attribute can only apply to one type in a module
@main
^
/Users/lawliet/OVEREND/OVEREND/OVERENDApp.swift:63:1: error: 'main' attribute can only apply to one type in a module
@main
^

Failed frontend command:
/Volumes/MacAPPs/Applications/Xcode.app/Contents/Developer/Toolchains/XcodeDefault.xctoolchain/usr/bin/swift-frontend -frontend -emit-module -experimental-skip-non-inlinable-function-bodies-without-types /Users/lawliet/OVEREND/OVEREND/Models/Attachment.swift /Users/lawliet/OVEREND/OVEREND/Models/Document.swift /Users/lawliet/OVEREND/OVEREND/Models/Entry.swift /Users/lawliet/OVEREND/OVEREND/Models/FormatTemplate.swift /Users/lawliet/OVEREND/OVEREND/Models/Group.swift /Users/lawliet/OVEREND/OVEREND/Models/Library.swift /Users/lawliet/OVEREND/OVEREND/Models/PersistenceController.swift /Users/lawliet/OVEREND/OVEREND/Models/SearchResult.swift /Users/lawliet/OVEREND/OVEREND/Services/AILatexGenerator.swift /Users/lawliet/OVEREND/OVEREND/Services/AILayoutFormatter.swift /Users/lawliet/OVEREND/OVEREND/Services/AiritiService.swift /Users/lawliet/OVEREND/OVEREND/Services/AppleAIService.swift /Users/lawliet/OVEREND/OVEREND/Services/BibTeXGenerator.swift /Users/lawliet/OVEREND/OVEREND/Services/BibTeXParser.swift /Users/lawliet/OVEREND/OVEREND/Services/CitationService.swift /Users/lawliet/OVEREND/OVEREND/Services/CoverPageGenerator.swift /Users/lawliet/OVEREND/OVEREND/Services/CrossRefService.swift /Users/lawliet/OVEREND/OVEREND/Services/DocumentFormatter.swift /Users/lawliet/OVEREND/OVEREND/Services/DOIService.swift /Users/lawliet/OVEREND/OVEREND/Services/DOIService+Enhanced.swift /Users/lawliet/OVEREND/OVEREND/Services/LaTeXRenderer.swift /Users/lawliet/OVEREND/OVEREND/Services/NetworkService.swift /Users/lawliet/OVEREND/OVEREND/Services/PDFExporter.swift /Users/lawliet/OVEREND/OVEREND/Services/PDFMetadataExtractor.swift /Users/lawliet/OVEREND/OVEREND/Services/PDFService.swift /Users/lawliet/OVEREND/OVEREND/Services/PomodoroTimer.swift /Users/lawliet/OVEREND/OVEREND/Services/TemplateManager.swift /Users/lawliet/OVEREND/OVEREND/Services/ToastManager.swift /Users/lawliet/OVEREND/OVEREND/Services/WordImporter.swift /Users/lawliet/OVEREND/OVEREND/Tests/FormatSystemTests.swift /Users/lawliet/OVEREND/OVEREND/Theme/AnimationSystem.swift /Users/lawliet/OVEREND/OVEREND/Theme/AppTheme.swift /Users/lawliet/OVEREND/OVEREND/Theme/DesignTokens.swift /Users/lawliet/OVEREND/OVEREND/Theme/LiquidGlassModifiers.swift /Users/lawliet/OVEREND/OVEREND/Utilities/Color+Brand.swift /Users/lawliet/OVEREND/OVEREND/Utilities/Constants.swift /Users/lawliet/OVEREND/OVEREND/Utilities/DialogHelper.swift /Users/lawliet/OVEREND/OVEREND/Utilities/FocusedTextField.swift /Users/lawliet/OVEREND/OVEREND/Utilities/FocusManager.swift /Users/lawliet/OVEREND/OVEREND/Utilities/FontSystem.swift /Users/lawliet/OVEREND/OVEREND/Utilities/TextInputDialog.swift /Users/lawliet/OVEREND/OVEREND/Utilities/UTType+Extensions.swift /Users/lawliet/OVEREND/OVEREND/Utils/AppIconGenerator.swift /Users/lawliet/OVEREND/OVEREND/Utils/IconGeneratorTool.swift /Users/lawliet/OVEREND/OVEREND/ViewModels/EntryViewModel.swift /Users/lawliet/OVEREND/OVEREND/ViewModels/GroupViewModel.swift /Users/lawliet/OVEREND/OVEREND/ViewModels/LibraryViewModel.swift /Users/lawliet/OVEREND/OVEREND/ViewModels/MainViewState.swift /Users/lawliet/OVEREND/OVEREND/ViewModels/OnlineSearchViewModel.swift /Users/lawliet/OVEREND/OVEREND/Views/Common/AIAssistantView.swift /Users/lawliet/OVEREND/OVEREND/Views/Common/BatchActionBar.swift /Users/lawliet/OVEREND/OVEREND/Views/Common/DynamicToolbar.swift /Users/lawliet/OVEREND/OVEREND/Views/Common/EmptyStateView.swift /Users/lawliet/OVEREND/OVEREND/Views/Common/PomodoroView.swift /Users/lawliet/OVEREND/OVEREND/Views/Common/SplashScreenView.swift /Users/lawliet/OVEREND/OVEREND/Views/Common/ToastView.swift /Users/lawliet/OVEREND/OVEREND/Views/Components/Buttons/DestructiveButton.swift /Users/lawliet/OVEREND/OVEREND/Views/Components/Buttons/IconButton.swift /Users/lawliet/OVEREND/OVEREND/Views/Components/Buttons/PrimaryButton.swift /Users/lawliet/OVEREND/OVEREND/Views/Components/Buttons/SecondaryButton.swift /Users/lawliet/OVEREND/OVEREND/Views/Components/Cards/CardView.swift /Users/lawliet/OVEREND/OVEREND/Views/Components/Feedback/ConfidenceIndicator.swift /Users/lawliet/OVEREND/OVEREND/Views/Components/Feedback/LoadingIndicator.swift /Users/lawliet/OVEREND/OVEREND/Views/Components/Inputs/StandardTextField.swift /Users/lawliet/OVEREND/OVEREND/Views/Components/Sheets/AIMetadataPreviewSheet.swift /Users/lawliet/OVEREND/OVEREND/Views/Editor/EntryEditorView.swift /Users/lawliet/OVEREND/OVEREND/Views/EntryDetail/EntryDetailView.swift /Users/lawliet/OVEREND/OVEREND/Views/EntryDetail/ModernEntryDetailView.swift /Users/lawliet/OVEREND/OVEREND/Views/EntryList/EntryListView.swift /Users/lawliet/OVEREND/OVEREND/Views/EntryList/ModernEntryListView.swift /Users/lawliet/OVEREND/OVEREND/Views/OnlineSearch/OnlineSearchView.swift /Users/lawliet/OVEREND/OVEREND/Views/Settings/ProxySettingsView.swift /Users/lawliet/OVEREND/OVEREND/Views/Settings/SettingsView.swift /Users/lawliet/OVEREND/OVEREND/Views/Sidebar/LibrarySidebarView.swift /Users/lawliet/OVEREND/OVEREND/Views/Sidebar/NewSidebarView.swift /Users/lawliet/OVEREND/OVEREND/Views/Utils/AppIconPreview.swift /Users/lawliet/OVEREND/OVEREND/Views/Writer/CitationInspector.swift /Users/lawliet/OVEREND/OVEREND/Views/Writer/CitationMentionPopover.swift /Users/lawliet/OVEREND/OVEREND/Views/Writer/CitationPicker.swift /Users/lawliet/OVEREND/OVEREND/Views/Writer/DocumentCardView.swift /Users/lawliet/OVEREND/OVEREND/Views/Writer/DocumentListView.swift /Users/lawliet/OVEREND/OVEREND/Views/Writer/EditorListView.swift /Users/lawliet/OVEREND/OVEREND/Views/Writer/FloatingAIAssistant.swift /Users/lawliet/OVEREND/OVEREND/Views/Writer/LaTeXFormulaSheet.swift /Users/lawliet/OVEREND/OVEREND/Views/Writer/LaTeXSupportedTextView.swift /Users/lawliet/OVEREND/OVEREND/Views/Writer/ProfessionalEditorView.swift /Users/lawliet/OVEREND/OVEREND/Views/Writer/RichTextEditor.swift /Users/lawliet/OVEREND/OVEREND/Views/Writer/WriterAIAssistantView.swift /Users/lawliet/OVEREND/OVEREND/Views/Writer/WriterContainerView.swift /Users/lawliet/OVEREND/OVEREND/Views/Writer/WriterToolbar.swift /Users/lawliet/OVEREND/OVEREND/Views/Writer/WriterView.swift /Users/lawliet/OVEREND/OVEREND/Views/NewContentView.swift /Users/lawliet/OVEREND/OVEREND/ContentView.swift /Users/lawliet/OVEREND/OVEREND/OVERENDApp.swift /Users/lawliet/Library/Developer/Xcode/DerivedData/OVEREND-cndwckokhthjmcbkmovocplyeztc/Build/Intermediates.noindex/OVEREND.build/Debug/OVEREND.build/DerivedSources/GeneratedAssetSymbols.swift -target arm64-apple-macos26.1 -module-can-import-version AppKit 2685.30.107 2685.30.107 -module-can-import-version DeveloperToolsSupport 23.0.4 23.0.4 -module-can-import-version SwiftUI 7.2.5.1 7.2.5 -load-resolved-plugin /Volumes/MacAPPs/Applications/Xcode.app/Contents/Developer/Platforms/MacOSX.platform/Developer/usr/lib/swift/host/plugins/libFoundationMacros.dylib\#/Volumes/MacAPPs/Applications/Xcode.app/Contents/Developer/Platforms/MacOSX.platform/Developer/usr/bin/swift-plugin-server\#FoundationMacros -load-resolved-plugin /Volumes/MacAPPs/Applications/Xcode.app/Contents/Developer/Platforms/MacOSX.platform/Developer/usr/lib/swift/host/plugins/libFoundationModelsMacros.dylib\#/Volumes/MacAPPs/Applications/Xcode.app/Contents/Developer/Platforms/MacOSX.platform/Developer/usr/bin/swift-plugin-server\#FoundationModelsMacros -load-resolved-plugin /Volumes/MacAPPs/Applications/Xcode.app/Contents/Developer/Platforms/MacOSX.platform/Developer/usr/lib/swift/host/plugins/libObservationMacros.dylib\#/Volumes/MacAPPs/Applications/Xcode.app/Contents/Developer/Platforms/MacOSX.platform/Developer/usr/bin/swift-plugin-server\#ObservationMacros -load-resolved-plugin /Volumes/MacAPPs/Applications/Xcode.app/Contents/Developer/Platforms/MacOSX.platform/Developer/usr/lib/swift/host/plugins/libPreviewsMacros.dylib\#/Volumes/MacAPPs/Applications/Xcode.app/Contents/Developer/Platforms/MacOSX.platform/Developer/usr/bin/swift-plugin-server\#PreviewsMacros -load-resolved-plugin /Volumes/MacAPPs/Applications/Xcode.app/Contents/Developer/Platforms/MacOSX.platform/Developer/usr/lib/swift/host/plugins/libSwiftMacros.dylib\#/Volumes/MacAPPs/Applications/Xcode.app/Contents/Developer/Platforms/MacOSX.platform/Developer/usr/bin/swift-plugin-server\#SwiftMacros -load-resolved-plugin /Volumes/MacAPPs/Applications/Xcode.app/Contents/Developer/Platforms/MacOSX.platform/Developer/usr/lib/swift/host/plugins/libSwiftUIMacros.dylib\#/Volumes/MacAPPs/Applications/Xcode.app/Contents/Developer/Platforms/MacOSX.platform/Developer/usr/bin/swift-plugin-server\#SwiftUIMacros -disable-implicit-swift-modules -Xcc -fno-implicit-modules -Xcc -fno-implicit-module-maps -explicit-swift-module-map-file /Users/lawliet/Library/Developer/Xcode/DerivedData/OVEREND-cndwckokhthjmcbkmovocplyeztc/Build/Intermediates.noindex/OVEREND.build/Debug/OVEREND.build/Objects-normal/arm64/OVEREND-dependencies-1.json -Xllvm -aarch64-use-tbi -enable-objc-interop -stack-check -sdk /Volumes/MacAPPs/Applications/Xcode.app/Contents/Developer/Platforms/MacOSX.platform/Developer/SDKs/MacOSX26.2.sdk -I /Users/lawliet/Library/Developer/Xcode/DerivedData/OVEREND-cndwckokhthjmcbkmovocplyeztc/Build/Products/Debug -F /Users/lawliet/Library/Developer/Xcode/DerivedData/OVEREND-cndwckokhthjmcbkmovocplyeztc/Build/Products/Debug -no-color-diagnostics -Xcc -fno-color-diagnostics -enable-testing -g -debug-info-format\=dwarf -dwarf-version\=5 -module-cache-path /Users/lawliet/Library/Developer/Xcode/DerivedData/OVEREND-cndwckokhthjmcbkmovocplyeztc/Build/Intermediates.noindex/SwiftExplicitPrecompiledModules -profile-generate -profile-coverage-mapping -swift-version 5 -enforce-exclusivity\=checked -Onone -D DEBUG -serialize-debugging-options -const-gather-protocols-file /Users/lawliet/Library/Developer/Xcode/DerivedData/OVEREND-cndwckokhthjmcbkmovocplyeztc/Build/Intermediates.noindex/OVEREND.build/Debug/OVEREND.build/Objects-normal/arm64/OVEREND_const_extract_protocols.json -enable-upcoming-feature DisableOutwardActorInference -enable-upcoming-feature InferSendableFromCaptures -enable-upcoming-feature GlobalActorIsolatedTypesUsability -enable-upcoming-feature MemberImportVisibility -enable-upcoming-feature InferIsolatedConformances -enable-upcoming-feature NonisolatedNonsendingByDefault -enable-experimental-feature DebugDescriptionMacro -enable-bare-slash-regex -default-isolation\=MainActor -empty-abi-descriptor -validate-clang-modules-once -clang-build-session-file /Users/lawliet/Library/Developer/Xcode/DerivedData/ModuleCache.noindex/Session.modulevalidation -Xcc -working-directory -Xcc /Users/lawliet/OVEREND -enable-anonymous-context-mangled-names -file-compilation-dir /Users/lawliet/OVEREND -Xcc -D_LIBCPP_HARDENING_MODE\=_LIBCPP_HARDENING_MODE_DEBUG -Xcc -ivfsstatcache -Xcc /Users/lawliet/Library/Developer/Xcode/DerivedData/SDKStatCaches.noindex/macosx26.2-25C57-830dddbfbccebdd7c0a1e2a9282ec48d.sdkstatcache -Xcc -I/Users/lawliet/Library/Developer/Xcode/DerivedData/OVEREND-cndwckokhthjmcbkmovocplyeztc/Build/Intermediates.noindex/OVEREND.build/Debug/OVEREND.build/swift-overrides.hmap -Xcc -iquote -Xcc /Users/lawliet/Library/Developer/Xcode/DerivedData/OVEREND-cndwckokhthjmcbkmovocplyeztc/Build/Intermediates.noindex/OVEREND.build/Debug/OVEREND.build/OVEREND-generated-files.hmap -Xcc -I/Users/lawliet/Library/Developer/Xcode/DerivedData/OVEREND-cndwckokhthjmcbkmovocplyeztc/Build/Intermediates.noindex/OVEREND.build/Debug/OVEREND.build/OVEREND-own-target-headers.hmap -Xcc -I/Users/lawliet/Library/Developer/Xcode/DerivedData/OVEREND-cndwckokhthjmcbkmovocplyeztc/Build/Intermediates.noindex/OVEREND.build/Debug/OVEREND.build/OVEREND-all-target-headers.hmap -Xcc -iquote -Xcc /Users/lawliet/Library/Developer/Xcode/DerivedData/OVEREND-cndwckokhthjmcbkmovocplyeztc/Build/Intermediates.noindex/OVEREND.build/Debug/OVEREND.build/OVEREND-project-headers.hmap -Xcc -I/Users/lawliet/Library/Developer/Xcode/DerivedData/OVEREND-cndwckokhthjmcbkmovocplyeztc/Build/Products/Debug/include -Xcc -I/Users/lawliet/Library/Developer/Xcode/DerivedData/OVEREND-cndwckokhthjmcbkmovocplyeztc/Build/Intermediates.noindex/OVEREND.build/Debug/OVEREND.build/DerivedSources-normal/arm64 -Xcc -I/Users/lawliet/Library/Developer/Xcode/DerivedData/OVEREND-cndwckokhthjmcbkmovocplyeztc/Build/Intermediates.noindex/OVEREND.build/Debug/OVEREND.build/DerivedSources/arm64 -Xcc -I/Users/lawliet/Library/Developer/Xcode/DerivedData/OVEREND-cndwckokhthjmcbkmovocplyeztc/Build/Intermediates.noindex/OVEREND.build/Debug/OVEREND.build/DerivedSources -Xcc -DDEBUG\=1 -no-auto-bridging-header-chaining -module-name OVEREND -frontend-parseable-output -disable-clang-spi -target-sdk-version 26.2 -target-sdk-name macosx26.2 -clang-target arm64-apple-macos26.2 -in-process-plugin-server-path /Volumes/MacAPPs/Applications/Xcode.app/Contents/Developer/Toolchains/XcodeDefault.xctoolchain/usr/lib/swift/host/libSwiftInProcPluginServer.dylib -emit-module-doc-path /Users/lawliet/Library/Developer/Xcode/DerivedData/OVEREND-cndwckokhthjmcbkmovocplyeztc/Build/Intermediates.noindex/OVEREND.build/Debug/OVEREND.build/Objects-normal/arm64/OVEREND.swiftdoc -emit-module-source-info-path /Users/lawliet/Library/Developer/Xcode/DerivedData/OVEREND-cndwckokhthjmcbkmovocplyeztc/Build/Intermediates.noindex/OVEREND.build/Debug/OVEREND.build/Objects-normal/arm64/OVEREND.swiftsourceinfo -emit-objc-header-path /Users/lawliet/Library/Developer/Xcode/DerivedData/OVEREND-cndwckokhthjmcbkmovocplyeztc/Build/Intermediates.noindex/OVEREND.build/Debug/OVEREND.build/Objects-normal/arm64/OVEREND-Swift.h -serialize-diagnostics-path /Users/lawliet/Library/Developer/Xcode/DerivedData/OVEREND-cndwckokhthjmcbkmovocplyeztc/Build/Intermediates.noindex/OVEREND.build/Debug/OVEREND.build/Objects-normal/arm64/OVEREND-primary-emit-module.dia -emit-dependencies-path /Users/lawliet/Library/Developer/Xcode/DerivedData/OVEREND-cndwckokhthjmcbkmovocplyeztc/Build/Intermediates.noindex/OVEREND.build/Debug/OVEREND.build/Objects-normal/arm64/OVEREND-primary-emit-module.d -o /Users/lawliet/Library/Developer/Xcode/DerivedData/OVEREND-cndwckokhthjmcbkmovocplyeztc/Build/Intermediates.noindex/OVEREND.build/Debug/OVEREND.build/Objects-normal/arm64/OVEREND.swiftmodule -emit-abi-descriptor-path /Users/lawliet/Library/Developer/Xcode/DerivedData/OVEREND-cndwckokhthjmcbkmovocplyeztc/Build/Intermediates.noindex/OVEREND.build/Debug/OVEREND.build/Objects-normal/arm64/OVEREND.abi.json
SwiftCompile normal arm64 Compiling\ GeneratedAssetSymbols.swift /Users/lawliet/Library/Developer/Xcode/DerivedData/OVEREND-cndwckokhthjmcbkmovocplyeztc/Build/Intermediates.noindex/OVEREND.build/Debug/OVEREND.build/DerivedSources/GeneratedAssetSymbols.swift (in target 'OVEREND' from project 'OVEREND')

SwiftCompile normal arm64 /Users/lawliet/Library/Developer/Xcode/DerivedData/OVEREND-cndwckokhthjmcbkmovocplyeztc/Build/Intermediates.noindex/OVEREND.build/Debug/OVEREND.build/DerivedSources/GeneratedAssetSymbols.swift (in target 'OVEREND' from project 'OVEREND')
    cd /Users/lawliet/OVEREND
    

SwiftCompile normal arm64 Compiling\ ConfidenceIndicator.swift /Users/lawliet/OVEREND/OVEREND/Views/Components/Feedback/ConfidenceIndicator.swift (in target 'OVEREND' from project 'OVEREND')

SwiftCompile normal arm64 /Users/lawliet/OVEREND/OVEREND/Views/Components/Feedback/ConfidenceIndicator.swift (in target 'OVEREND' from project 'OVEREND')
    cd /Users/lawliet/OVEREND
    
/Users/lawliet/OVEREND/OVEREND/Views/Components/Feedback/LoadingIndicator.swift:264:9: warning: '@State' used inline will not work unless tagged with '@Previewable' (from macro 'Preview')
        @State var progress1: Double = 0.3
        ^
/Users/lawliet/OVEREND/OVEREND/Views/Components/Feedback/LoadingIndicator.swift:264:9: note: Move the declaration to root scope and add '@Previewable'
        @State var progress1: Double = 0.3
        ^
/Users/lawliet/OVEREND/OVEREND/Views/Components/Feedback/LoadingIndicator.swift:265:9: warning: '@State' used inline will not work unless tagged with '@Previewable' (from macro 'Preview')
        @State var progress2: Double = 0.7
        ^
/Users/lawliet/OVEREND/OVEREND/Views/Components/Feedback/LoadingIndicator.swift:265:9: note: Move the declaration to root scope and add '@Previewable'
        @State var progress2: Double = 0.7
        ^
/Users/lawliet/OVEREND/OVEREND/Views/Components/Feedback/LoadingIndicator.swift:367:5: warning: '@State' used inline will not work unless tagged with '@Previewable' (from macro 'Preview')
    @State var progress: Double = 0.6
    ^
/Users/lawliet/OVEREND/OVEREND/Views/Components/Feedback/LoadingIndicator.swift:367:5: note: Add '@Previewable'
    @State var progress: Double = 0.6
    ^~~~~~
    @Previewable @State
/Users/lawliet/OVEREND/OVEREND/Views/Components/Inputs/StandardTextField.swift:203:9: warning: '@State' used inline will not work unless tagged with '@Previewable' (from macro 'Preview')
        @State var username = ""
        ^
/Users/lawliet/OVEREND/OVEREND/Views/Components/Inputs/StandardTextField.swift:203:9: note: Move the declaration to root scope and add '@Previewable'
        @State var username = ""
        ^
/Users/lawliet/OVEREND/OVEREND/Views/Components/Inputs/StandardTextField.swift:204:9: warning: '@State' used inline will not work unless tagged with '@Previewable' (from macro 'Preview')
        @State var email = ""
        ^
/Users/lawliet/OVEREND/OVEREND/Views/Components/Inputs/StandardTextField.swift:204:9: note: Move the declaration to root scope and add '@Previewable'
        @State var email = ""
        ^
/Users/lawliet/OVEREND/OVEREND/Views/Components/Inputs/StandardTextField.swift:205:9: warning: '@State' used inline will not work unless tagged with '@Previewable' (from macro 'Preview')
        @State var password = ""
        ^
/Users/lawliet/OVEREND/OVEREND/Views/Components/Inputs/StandardTextField.swift:205:9: note: Move the declaration to root scope and add '@Previewable'
        @State var password = ""
        ^
/Users/lawliet/OVEREND/OVEREND/Views/Components/Inputs/StandardTextField.swift:206:9: warning: '@State' used inline will not work unless tagged with '@Previewable' (from macro 'Preview')
        @State var errorText = ""
        ^
/Users/lawliet/OVEREND/OVEREND/Views/Components/Inputs/StandardTextField.swift:206:9: note: Move the declaration to root scope and add '@Previewable'
        @State var errorText = ""
        ^
/Users/lawliet/OVEREND/OVEREND/Views/Components/Inputs/StandardTextField.swift:240:9: warning: '@State' used inline will not work unless tagged with '@Previewable' (from macro 'Preview')
        @State var searchText1 = ""
        ^
/Users/lawliet/OVEREND/OVEREND/Views/Components/Inputs/StandardTextField.swift:240:9: note: Move the declaration to root scope and add '@Previewable'
        @State var searchText1 = ""
        ^
/Users/lawliet/OVEREND/OVEREND/Views/Components/Inputs/StandardTextField.swift:241:9: warning: '@State' used inline will not work unless tagged with '@Previewable' (from macro 'Preview')
        @State var searchText2 = "已輸入文字"
/Users/lawliet/OVEREND/OVEREND/Views/Components/Inputs/StandardTextField.swift:241:9: note: Move the declaration to root scope and add '@Previewable'
        @State var searchText2 = "已輸入文字"
/Users/lawliet/OVEREND/OVEREND/Views/Components/Inputs/StandardTextField.swift:259:5: warning: '@State' used inline will not work unless tagged with '@Previewable' (from macro 'Preview')
    @State var username = ""
    ^
/Users/lawliet/OVEREND/OVEREND/Views/Components/Inputs/StandardTextField.swift:259:5: note: Add '@Previewable'
    @State var username = ""
    ^~~~~~
    @Previewable @State
/Users/lawliet/OVEREND/OVEREND/Views/Components/Inputs/StandardTextField.swift:260:5: warning: '@State' used inline will not work unless tagged with '@Previewable' (from macro 'Preview')
    @State var search = ""
    ^
/Users/lawliet/OVEREND/OVEREND/Views/Components/Inputs/StandardTextField.swift:260:5: note: Add '@Previewable'
    @State var search = ""
    ^~~~~~
    @Previewable @State
/Users/lawliet/OVEREND/OVEREND/Views/Components/Inputs/StandardTextField.swift:261:5: warning: '@State' used inline will not work unless tagged with '@Previewable' (from macro 'Preview')
    @State var errorText = "test"
    ^
/Users/lawliet/OVEREND/OVEREND/Views/Components/Inputs/StandardTextField.swift:261:5: note: Add '@Previewable'
    @State var errorText = "test"
    ^~~~~~
    @Previewable @State
/Users/lawliet/OVEREND/OVEREND/Views/Writer/CitationMentionPopover.swift:241:5: warning: '@State' used inline will not work unless tagged with '@Previewable' (from macro 'Preview')
    @State var selectedIndex = 0
    ^
/Users/lawliet/OVEREND/OVEREND/Views/Writer/CitationMentionPopover.swift:241:5: note: Add '@Previewable'
    @State var selectedIndex = 0
    ^~~~~~
    @Previewable @State

SwiftCompile normal arm64 Compiling\ ModernEntryListView.swift /Users/lawliet/OVEREND/OVEREND/Views/EntryList/ModernEntryListView.swift (in target 'OVEREND' from project 'OVEREND')
SwiftCompile normal arm64 /Users/lawliet/OVEREND/OVEREND/Views/EntryList/ModernEntryListView.swift (in target 'OVEREND' from project 'OVEREND')
    cd /Users/lawliet/OVEREND
    

SwiftCompile normal arm64 Compiling\ NewContentView.swift /Users/lawliet/OVEREND/OVEREND/Views/NewContentView.swift (in target 'OVEREND' from project 'OVEREND')
SwiftCompile normal arm64 /Users/lawliet/OVEREND/OVEREND/Views/NewContentView.swift (in target 'OVEREND' from project 'OVEREND')
    cd /Users/lawliet/OVEREND
    

SwiftCompile normal arm64 Compiling\ AIMetadataPreviewSheet.swift /Users/lawliet/OVEREND/OVEREND/Views/Components/Sheets/AIMetadataPreviewSheet.swift (in target 'OVEREND' from project 'OVEREND')

SwiftCompile normal arm64 /Users/lawliet/OVEREND/OVEREND/Views/Components/Sheets/AIMetadataPreviewSheet.swift (in target 'OVEREND' from project 'OVEREND')
    cd /Users/lawliet/OVEREND
    
/Users/lawliet/OVEREND/OVEREND/Views/Components/Feedback/LoadingIndicator.swift:264:9: warning: '@State' used inline will not work unless tagged with '@Previewable' (from macro 'Preview')
        @State var progress1: Double = 0.3
        ^
/Users/lawliet/OVEREND/OVEREND/Views/Components/Feedback/LoadingIndicator.swift:264:9: note: Move the declaration to root scope and add '@Previewable'
        @State var progress1: Double = 0.3
        ^
/Users/lawliet/OVEREND/OVEREND/Views/Components/Feedback/LoadingIndicator.swift:265:9: warning: '@State' used inline will not work unless tagged with '@Previewable' (from macro 'Preview')
        @State var progress2: Double = 0.7
        ^
/Users/lawliet/OVEREND/OVEREND/Views/Components/Feedback/LoadingIndicator.swift:265:9: note: Move the declaration to root scope and add '@Previewable'
        @State var progress2: Double = 0.7
        ^
/Users/lawliet/OVEREND/OVEREND/Views/Components/Feedback/LoadingIndicator.swift:367:5: warning: '@State' used inline will not work unless tagged with '@Previewable' (from macro 'Preview')
    @State var progress: Double = 0.6
    ^
/Users/lawliet/OVEREND/OVEREND/Views/Components/Feedback/LoadingIndicator.swift:367:5: note: Add '@Previewable'
    @State var progress: Double = 0.6
    ^~~~~~
    @Previewable @State
/Users/lawliet/OVEREND/OVEREND/Views/Components/Inputs/StandardTextField.swift:203:9: warning: '@State' used inline will not work unless tagged with '@Previewable' (from macro 'Preview')
        @State var username = ""
        ^
/Users/lawliet/OVEREND/OVEREND/Views/Components/Inputs/StandardTextField.swift:203:9: note: Move the declaration to root scope and add '@Previewable'
        @State var username = ""
        ^
/Users/lawliet/OVEREND/OVEREND/Views/Components/Inputs/StandardTextField.swift:204:9: warning: '@State' used inline will not work unless tagged with '@Previewable' (from macro 'Preview')
        @State var email = ""
        ^
/Users/lawliet/OVEREND/OVEREND/Views/Components/Inputs/StandardTextField.swift:204:9: note: Move the declaration to root scope and add '@Previewable'
        @State var email = ""
        ^
/Users/lawliet/OVEREND/OVEREND/Views/Components/Inputs/StandardTextField.swift:205:9: warning: '@State' used inline will not work unless tagged with '@Previewable' (from macro 'Preview')
        @State var password = ""
        ^
/Users/lawliet/OVEREND/OVEREND/Views/Components/Inputs/StandardTextField.swift:205:9: note: Move the declaration to root scope and add '@Previewable'
        @State var password = ""
        ^
/Users/lawliet/OVEREND/OVEREND/Views/Components/Inputs/StandardTextField.swift:206:9: warning: '@State' used inline will not work unless tagged with '@Previewable' (from macro 'Preview')
        @State var errorText = ""
        ^
/Users/lawliet/OVEREND/OVEREND/Views/Components/Inputs/StandardTextField.swift:206:9: note: Move the declaration to root scope and add '@Previewable'
        @State var errorText = ""
        ^
/Users/lawliet/OVEREND/OVEREND/Views/Components/Inputs/StandardTextField.swift:240:9: warning: '@State' used inline will not work unless tagged with '@Previewable' (from macro 'Preview')
        @State var searchText1 = ""
        ^
/Users/lawliet/OVEREND/OVEREND/Views/Components/Inputs/StandardTextField.swift:240:9: note: Move the declaration to root scope and add '@Previewable'
        @State var searchText1 = ""
        ^
/Users/lawliet/OVEREND/OVEREND/Views/Components/Inputs/StandardTextField.swift:241:9: warning: '@State' used inline will not work unless tagged with '@Previewable' (from macro 'Preview')
        @State var searchText2 = "已輸入文字"
/Users/lawliet/OVEREND/OVEREND/Views/Components/Inputs/StandardTextField.swift:241:9: note: Move the declaration to root scope and add '@Previewable'
        @State var searchText2 = "已輸入文字"
/Users/lawliet/OVEREND/OVEREND/Views/Components/Inputs/StandardTextField.swift:259:5: warning: '@State' used inline will not work unless tagged with '@Previewable' (from macro 'Preview')
    @State var username = ""
    ^
/Users/lawliet/OVEREND/OVEREND/Views/Components/Inputs/StandardTextField.swift:259:5: note: Add '@Previewable'
    @State var username = ""
    ^~~~~~
    @Previewable @State
/Users/lawliet/OVEREND/OVEREND/Views/Components/Inputs/StandardTextField.swift:260:5: warning: '@State' used inline will not work unless tagged with '@Previewable' (from macro 'Preview')
    @State var search = ""
    ^
/Users/lawliet/OVEREND/OVEREND/Views/Components/Inputs/StandardTextField.swift:260:5: note: Add '@Previewable'
    @State var search = ""
    ^~~~~~
    @Previewable @State
/Users/lawliet/OVEREND/OVEREND/Views/Components/Inputs/StandardTextField.swift:261:5: warning: '@State' used inline will not work unless tagged with '@Previewable' (from macro 'Preview')
    @State var errorText = "test"
    ^
/Users/lawliet/OVEREND/OVEREND/Views/Components/Inputs/StandardTextField.swift:261:5: note: Add '@Previewable'
    @State var errorText = "test"
    ^~~~~~
    @Previewable @State
/Users/lawliet/OVEREND/OVEREND/Views/Writer/CitationMentionPopover.swift:241:5: warning: '@State' used inline will not work unless tagged with '@Previewable' (from macro 'Preview')
    @State var selectedIndex = 0
    ^
/Users/lawliet/OVEREND/OVEREND/Views/Writer/CitationMentionPopover.swift:241:5: note: Add '@Previewable'
    @State var selectedIndex = 0
    ^~~~~~
    @Previewable @State

SwiftCompile normal arm64 Compiling\ IconGeneratorTool.swift /Users/lawliet/OVEREND/OVEREND/Utils/IconGeneratorTool.swift (in target 'OVEREND' from project 'OVEREND')

SwiftCompile normal arm64 /Users/lawliet/OVEREND/OVEREND/Utils/IconGeneratorTool.swift (in target 'OVEREND' from project 'OVEREND')
    cd /Users/lawliet/OVEREND
    

SwiftCompile normal arm64 Compiling\ AppIconPreview.swift /Users/lawliet/OVEREND/OVEREND/Views/Utils/AppIconPreview.swift (in target 'OVEREND' from project 'OVEREND')

SwiftCompile normal arm64 /Users/lawliet/OVEREND/OVEREND/Views/Utils/AppIconPreview.swift (in target 'OVEREND' from project 'OVEREND')
    cd /Users/lawliet/OVEREND
    
/Users/lawliet/OVEREND/OVEREND/Views/Components/Feedback/LoadingIndicator.swift:264:9: warning: '@State' used inline will not work unless tagged with '@Previewable' (from macro 'Preview')
        @State var progress1: Double = 0.3
        ^
/Users/lawliet/OVEREND/OVEREND/Views/Components/Feedback/LoadingIndicator.swift:264:9: note: Move the declaration to root scope and add '@Previewable'
        @State var progress1: Double = 0.3
        ^
/Users/lawliet/OVEREND/OVEREND/Views/Components/Feedback/LoadingIndicator.swift:265:9: warning: '@State' used inline will not work unless tagged with '@Previewable' (from macro 'Preview')
        @State var progress2: Double = 0.7
        ^
/Users/lawliet/OVEREND/OVEREND/Views/Components/Feedback/LoadingIndicator.swift:265:9: note: Move the declaration to root scope and add '@Previewable'
        @State var progress2: Double = 0.7
        ^
/Users/lawliet/OVEREND/OVEREND/Views/Components/Feedback/LoadingIndicator.swift:367:5: warning: '@State' used inline will not work unless tagged with '@Previewable' (from macro 'Preview')
    @State var progress: Double = 0.6
    ^
/Users/lawliet/OVEREND/OVEREND/Views/Components/Feedback/LoadingIndicator.swift:367:5: note: Add '@Previewable'
    @State var progress: Double = 0.6
    ^~~~~~
    @Previewable @State
/Users/lawliet/OVEREND/OVEREND/Views/Components/Inputs/StandardTextField.swift:203:9: warning: '@State' used inline will not work unless tagged with '@Previewable' (from macro 'Preview')
        @State var username = ""
        ^
/Users/lawliet/OVEREND/OVEREND/Views/Components/Inputs/StandardTextField.swift:203:9: note: Move the declaration to root scope and add '@Previewable'
        @State var username = ""
        ^
/Users/lawliet/OVEREND/OVEREND/Views/Components/Inputs/StandardTextField.swift:204:9: warning: '@State' used inline will not work unless tagged with '@Previewable' (from macro 'Preview')
        @State var email = ""
        ^
/Users/lawliet/OVEREND/OVEREND/Views/Components/Inputs/StandardTextField.swift:204:9: note: Move the declaration to root scope and add '@Previewable'
        @State var email = ""
        ^
/Users/lawliet/OVEREND/OVEREND/Views/Components/Inputs/StandardTextField.swift:205:9: warning: '@State' used inline will not work unless tagged with '@Previewable' (from macro 'Preview')
        @State var password = ""
        ^
/Users/lawliet/OVEREND/OVEREND/Views/Components/Inputs/StandardTextField.swift:205:9: note: Move the declaration to root scope and add '@Previewable'
        @State var password = ""
        ^
/Users/lawliet/OVEREND/OVEREND/Views/Components/Inputs/StandardTextField.swift:206:9: warning: '@State' used inline will not work unless tagged with '@Previewable' (from macro 'Preview')
        @State var errorText = ""
        ^
/Users/lawliet/OVEREND/OVEREND/Views/Components/Inputs/StandardTextField.swift:206:9: note: Move the declaration to root scope and add '@Previewable'
        @State var errorText = ""
        ^
/Users/lawliet/OVEREND/OVEREND/Views/Components/Inputs/StandardTextField.swift:240:9: warning: '@State' used inline will not work unless tagged with '@Previewable' (from macro 'Preview')
        @State var searchText1 = ""
        ^
/Users/lawliet/OVEREND/OVEREND/Views/Components/Inputs/StandardTextField.swift:240:9: note: Move the declaration to root scope and add '@Previewable'
        @State var searchText1 = ""
        ^
/Users/lawliet/OVEREND/OVEREND/Views/Components/Inputs/StandardTextField.swift:241:9: warning: '@State' used inline will not work unless tagged with '@Previewable' (from macro 'Preview')
        @State var searchText2 = "已輸入文字"
/Users/lawliet/OVEREND/OVEREND/Views/Components/Inputs/StandardTextField.swift:241:9: note: Move the declaration to root scope and add '@Previewable'
        @State var searchText2 = "已輸入文字"
/Users/lawliet/OVEREND/OVEREND/Views/Components/Inputs/StandardTextField.swift:259:5: warning: '@State' used inline will not work unless tagged with '@Previewable' (from macro 'Preview')
    @State var username = ""
    ^
/Users/lawliet/OVEREND/OVEREND/Views/Components/Inputs/StandardTextField.swift:259:5: note: Add '@Previewable'
    @State var username = ""
    ^~~~~~
    @Previewable @State
/Users/lawliet/OVEREND/OVEREND/Views/Components/Inputs/StandardTextField.swift:260:5: warning: '@State' used inline will not work unless tagged with '@Previewable' (from macro 'Preview')
    @State var search = ""
    ^
/Users/lawliet/OVEREND/OVEREND/Views/Components/Inputs/StandardTextField.swift:260:5: note: Add '@Previewable'
    @State var search = ""
    ^~~~~~
    @Previewable @State
/Users/lawliet/OVEREND/OVEREND/Views/Components/Inputs/StandardTextField.swift:261:5: warning: '@State' used inline will not work unless tagged with '@Previewable' (from macro 'Preview')
    @State var errorText = "test"
    ^
/Users/lawliet/OVEREND/OVEREND/Views/Components/Inputs/StandardTextField.swift:261:5: note: Add '@Previewable'
    @State var errorText = "test"
    ^~~~~~
    @Previewable @State
/Users/lawliet/OVEREND/OVEREND/Views/Writer/CitationMentionPopover.swift:241:5: warning: '@State' used inline will not work unless tagged with '@Previewable' (from macro 'Preview')
    @State var selectedIndex = 0
    ^
/Users/lawliet/OVEREND/OVEREND/Views/Writer/CitationMentionPopover.swift:241:5: note: Add '@Previewable'
    @State var selectedIndex = 0
    ^~~~~~
    @Previewable @State

SwiftDriverJobDiscovery normal arm64 Compiling GeneratedAssetSymbols.swift (in target 'OVEREND' from project 'OVEREND')

SwiftDriverJobDiscovery normal arm64 Compiling IconGeneratorTool.swift (in target 'OVEREND' from project 'OVEREND')

SwiftDriverJobDiscovery normal arm64 Compiling ConfidenceIndicator.swift (in target 'OVEREND' from project 'OVEREND')

SwiftDriverJobDiscovery normal arm64 Compiling DynamicToolbar.swift (in target 'OVEREND' from project 'OVEREND')

SwiftDriverJobDiscovery normal arm64 Compiling IconButton.swift (in target 'OVEREND' from project 'OVEREND')

SwiftDriverJobDiscovery normal arm64 Compiling PDFMetadataExtractor.swift, AppIconGenerator.swift (in target 'OVEREND' from project 'OVEREND')

SwiftDriverJobDiscovery normal arm64 Compiling AppIconPreview.swift (in target 'OVEREND' from project 'OVEREND')

SwiftDriverJobDiscovery normal arm64 Compiling AIMetadataPreviewSheet.swift (in target 'OVEREND' from project 'OVEREND')

** BUILD FAILED **


The following build commands failed:
	EmitSwiftModule normal arm64 (in target 'OVEREND' from project 'OVEREND')
	SwiftEmitModule normal arm64 Emitting\ module\ for\ OVEREND (in target 'OVEREND' from project 'OVEREND')
	Building project OVEREND with scheme OVEREND
(3 failures)
