Command line invocation:
    /Volumes/MacAPPs/Applications/Xcode.app/Contents/Developer/usr/bin/xcodebuild -project OVEREND.xcodeproj -scheme OVEREND -destination platform=macOS,arch=arm64 build

ComputePackagePrebuildTargetDependencyGraph

Prepare packages

CreateBuildRequest

SendProjectDescription

CreateBuildOperation

ComputeTargetDependencyGraph
note: Building targets in dependency order
note: Target dependency graph (1 target)
    Target 'OVEREND' in project 'OVEREND' (no dependencies)

GatherProvisioningInputs

CreateBuildDescription

ExecuteExternalTool /Volumes/MacAPPs/Applications/Xcode.app/Contents/Developer/Toolchains/XcodeDefault.xctoolchain/usr/bin/clang -v -E -dM -isysroot /Volumes/MacAPPs/Applications/Xcode.app/Contents/Developer/Platforms/MacOSX.platform/Developer/SDKs/MacOSX26.2.sdk -x c -c /dev/null

ExecuteExternalTool /Volumes/MacAPPs/Applications/Xcode.app/Contents/Developer/usr/bin/actool --version --output-format xml1

ExecuteExternalTool /Volumes/MacAPPs/Applications/Xcode.app/Contents/Developer/Toolchains/XcodeDefault.xctoolchain/usr/bin/swiftc --version

ExecuteExternalTool /Volumes/MacAPPs/Applications/Xcode.app/Contents/Developer/Toolchains/XcodeDefault.xctoolchain/usr/bin/ld -version_details

Build description signature: acb9f91f582556bc7184f30ae0a87f4b
Build description path: /Users/lawliet/Library/Developer/Xcode/DerivedData/OVEREND-cndwckokhthjmcbkmovocplyeztc/Build/Intermediates.noindex/XCBuildData/acb9f91f582556bc7184f30ae0a87f4b.xcbuilddata
ClangStatCache /Volumes/MacAPPs/Applications/Xcode.app/Contents/Developer/Toolchains/XcodeDefault.xctoolchain/usr/bin/clang-stat-cache /Volumes/MacAPPs/Applications/Xcode.app/Contents/Developer/Platforms/MacOSX.platform/Developer/SDKs/MacOSX26.2.sdk /Users/lawliet/Library/Developer/Xcode/DerivedData/SDKStatCaches.noindex/macosx26.2-25C57-830dddbfbccebdd7c0a1e2a9282ec48d.sdkstatcache
    cd /Users/lawliet/OVEREND/OVEREND.xcodeproj
    /Volumes/MacAPPs/Applications/Xcode.app/Contents/Developer/Toolchains/XcodeDefault.xctoolchain/usr/bin/clang-stat-cache /Volumes/MacAPPs/Applications/Xcode.app/Contents/Developer/Platforms/MacOSX.platform/Developer/SDKs/MacOSX26.2.sdk -o /Users/lawliet/Library/Developer/Xcode/DerivedData/SDKStatCaches.noindex/macosx26.2-25C57-830dddbfbccebdd7c0a1e2a9282ec48d.sdkstatcache

ProcessInfoPlistFile /Users/lawliet/Library/Developer/Xcode/DerivedData/OVEREND-cndwckokhthjmcbkmovocplyeztc/Build/Products/Debug/OVEREND.app/Contents/Info.plist /Users/lawliet/Library/Developer/Xcode/DerivedData/OVEREND-cndwckokhthjmcbkmovocplyeztc/Build/Intermediates.noindex/OVEREND.build/Debug/OVEREND.build/empty-OVEREND.plist (in target 'OVEREND' from project 'OVEREND')
    cd /Users/lawliet/OVEREND
    builtin-infoPlistUtility /Users/lawliet/Library/Developer/Xcode/DerivedData/OVEREND-cndwckokhthjmcbkmovocplyeztc/Build/Intermediates.noindex/OVEREND.build/Debug/OVEREND.build/empty-OVEREND.plist -producttype com.apple.product-type.application -genpkginfo /Users/lawliet/Library/Developer/Xcode/DerivedData/OVEREND-cndwckokhthjmcbkmovocplyeztc/Build/Products/Debug/OVEREND.app/Contents/PkgInfo -expandbuildsettings -platform macosx -additionalcontentfile /Users/lawliet/Library/Developer/Xcode/DerivedData/OVEREND-cndwckokhthjmcbkmovocplyeztc/Build/Intermediates.noindex/OVEREND.build/Debug/OVEREND.build/assetcatalog_generated_info.plist -o /Users/lawliet/Library/Developer/Xcode/DerivedData/OVEREND-cndwckokhthjmcbkmovocplyeztc/Build/Products/Debug/OVEREND.app/Contents/Info.plist

CopySwiftLibs /Users/lawliet/Library/Developer/Xcode/DerivedData/OVEREND-cndwckokhthjmcbkmovocplyeztc/Build/Products/Debug/OVEREND.app (in target 'OVEREND' from project 'OVEREND')
    cd /Users/lawliet/OVEREND
    builtin-swiftStdLibTool --copy --verbose --sign 457361E08282B84CE1EAA2C55B66425C93438B52 --scan-executable /Users/lawliet/Library/Developer/Xcode/DerivedData/OVEREND-cndwckokhthjmcbkmovocplyeztc/Build/Products/Debug/OVEREND.app/Contents/MacOS/OVEREND.debug.dylib --scan-folder /Users/lawliet/Library/Developer/Xcode/DerivedData/OVEREND-cndwckokhthjmcbkmovocplyeztc/Build/Products/Debug/OVEREND.app/Contents/Frameworks --scan-folder /Users/lawliet/Library/Developer/Xcode/DerivedData/OVEREND-cndwckokhthjmcbkmovocplyeztc/Build/Products/Debug/OVEREND.app/Contents/PlugIns --scan-folder /Users/lawliet/Library/Developer/Xcode/DerivedData/OVEREND-cndwckokhthjmcbkmovocplyeztc/Build/Products/Debug/OVEREND.app/Contents/Library/SystemExtensions --scan-folder /Users/lawliet/Library/Developer/Xcode/DerivedData/OVEREND-cndwckokhthjmcbkmovocplyeztc/Build/Products/Debug/OVEREND.app/Contents/Extensions --platform macosx --toolchain /Volumes/MacAPPs/Applications/Xcode.app/Contents/Developer/Toolchains/XcodeDefault.xctoolchain --destination /Users/lawliet/Library/Developer/Xcode/DerivedData/OVEREND-cndwckokhthjmcbkmovocplyeztc/Build/Products/Debug/OVEREND.app/Contents/Frameworks --strip-bitcode --strip-bitcode-tool /Volumes/MacAPPs/Applications/Xcode.app/Contents/Developer/Toolchains/XcodeDefault.xctoolchain/usr/bin/bitcode_strip --emit-dependency-info /Users/lawliet/Library/Developer/Xcode/DerivedData/OVEREND-cndwckokhthjmcbkmovocplyeztc/Build/Intermediates.noindex/OVEREND.build/Debug/OVEREND.build/SwiftStdLibToolInputDependencies.dep --filter-for-swift-os

** BUILD SUCCEEDED **

